[debug] [2020-01-04T15:30:34.220Z] ----------------------------------------------------------------------
[debug] [2020-01-04T15:30:34.228Z] Command:       /usr/bin/node /usr/bin/firebase build
[debug] [2020-01-04T15:30:34.228Z] CLI Version:   7.11.0
[debug] [2020-01-04T15:30:34.228Z] Platform:      linux
[debug] [2020-01-04T15:30:34.229Z] Node Version:  v12.14.0
[debug] [2020-01-04T15:30:34.271Z] Time:          Sat Jan 04 2020 21:30:34 GMT+0600 (Bangladesh Standard Time)
[debug] [2020-01-04T15:30:34.271Z] ----------------------------------------------------------------------
[debug] [2020-01-04T15:30:34.271Z] 
[error] Error: [object Object] is not a Firebase command
[debug] [2020-01-04T15:30:34.337Z] TypeError: str.toLowerCase is not a function
    at didYouMean (/usr/lib/node_modules/firebase-tools/node_modules/didyoumean/didYouMean-1.2.1.js:147:48)
    at suggestCommands (/usr/lib/node_modules/firebase-tools/lib/index.js:28:22)
    at Command.<anonymous> (/usr/lib/node_modules/firebase-tools/lib/index.js:57:14)
    at Command.listener (/usr/lib/node_modules/firebase-tools/node_modules/commander/index.js:360:8)
    at Command.emit (events.js:210:5)
    at Command.EventEmitter.emit (domain.js:475:20)
    at Command.parseArgs (/usr/lib/node_modules/firebase-tools/node_modules/commander/index.js:801:12)
    at Command.parse (/usr/lib/node_modules/firebase-tools/node_modules/commander/index.js:563:21)
    at Object.<anonymous> (/usr/lib/node_modules/firebase-tools/lib/bin/firebase.js:98:22)
    at Module._compile (internal/modules/cjs/loader.js:959:30)
    at Object.Module._extensions..js (internal/modules/cjs/loader.js:995:10)
    at Module.load (internal/modules/cjs/loader.js:815:32)
    at Function.Module._load (internal/modules/cjs/loader.js:727:14)
    at Function.Module.runMain (internal/modules/cjs/loader.js:1047:10)
    at internal/main/run_main_module.js:17:11
[error] 
[error] Error: An unexpected error has occurred.
